-1729	1
-1698	1
-1037	1
-890	1
-603	1
-540	1
-455	1
-430	1
-392	1
-386	1
-385	1
-355	1
-350	1
-342	1
-321	1
-285	1
-258	1
-245	1
-239	1
-231	1
-229	1
-224	1
-223	1
-221	1
-219	1
-218	1
-214	1
-210	1
-204	1
-202	1
-197	1
-190	1
-189	1
-184	1
-181	1
-179	1
-177	2
-176	2
-175	2
-174	1
-169	1
-167	2
-166	1
-164	1
-163	1
-161	1
-157	1
-155	1
-154	1
-151	1
-149	1
-148	1
-147	1
-145	2
-143	1
-140	1
-139	2
-138	1
-137	1
-134	1
-132	2
-130	2
-129	1
-128	2
-127	1
-126	1
-125	1
-124	1
-123	1
-122	1
-120	2
-119	1
-118	3
-117	3
-116	2
-115	1
-114	2
-113	1
-112	3
-111	3
-110	3
-108	1
-106	3
-105	1
-104	1
-103	1
-101	5
-100	3
-99	1
-98	3
-97	1
-96	2
-94	2
-93	4
-92	3
-91	4
-90	1
-88	4
-87	1
-86	3
-85	3
-84	5
-83	5
-82	5
-81	2
-80	6
-79	1
-78	5
-77	4
-76	5
-75	3
-74	5
-73	7
-72	1
-71	6
-70	6
-69	7
-68	4
-67	2
-66	8
-65	8
-64	8
-63	6
-62	11
-61	7
-60	8
-59	11
-58	11
-57	10
-56	12
-55	9
-54	15
-53	13
-52	25
-51	21
-50	17
-49	19
-48	18
-47	29
-46	23
-45	25
-44	38
-43	24
-42	34
-41	45
-40	40
-39	50
-38	49
-37	65
-36	65
-35	67
-34	64
-33	80
-32	81
-31	91
-30	117
-29	121
-28	153
-27	148
-26	165
-25	209
-24	220
-23	267
-22	270
-21	320
-20	346
-19	466
-18	503
-17	637
-16	774
-15	827
-14	982
-13	1213
-12	1491
-11	1870
-10	2323
-9	3113
-8	4163
-7	5694
-6	8438
-5	13270
-4	23409
-3	48055
-2	126926
-1	655522
0	111611
1	43029
2	21587
3	12225
4	7762
5	5427
6	4133
7	3012
8	2324
9	1883
10	1479
11	1214
12	1027
13	907
14	780
15	701
16	584
17	593
18	473
19	479
20	409
21	363
22	346
23	342
24	268
25	262
26	259
27	229
28	226
29	216
30	189
31	209
32	186
33	157
34	155
35	165
36	152
37	128
38	135
39	108
40	128
41	103
42	115
43	92
44	99
45	106
46	82
47	108
48	123
49	85
50	112
51	81
52	87
53	72
54	79
55	75
56	66
57	81
58	76
59	46
60	69
61	59
62	47
63	48
64	50
65	45
66	55
67	52
68	39
69	41
70	47
71	40
72	45
73	36
74	45
75	38
76	38
77	40
78	36
79	35
80	34
81	44
82	33
83	29
84	26
85	35
86	32
87	30
88	30
89	24
90	28
91	24
92	21
93	30
94	33
95	23
96	23
97	26
98	23
99	27
100	21
101	26
102	34
103	18
104	19
105	24
106	23
107	26
108	22
109	25
110	20
111	22
112	18
113	14
114	20
115	19
116	16
117	21
118	19
119	19
120	19
121	15
122	16
123	16
124	18
125	13
126	15
127	8
128	18
129	17
130	9
131	12
132	20
133	15
134	22
135	16
136	12
137	12
138	19
139	16
140	13
141	6
142	12
143	15
144	8
145	14
146	11
147	14
148	8
149	10
150	6
151	12
152	14
153	17
154	10
155	13
156	9
157	11
158	6
159	11
160	8
161	12
162	7
163	7
164	10
165	14
166	6
167	9
168	9
169	8
170	11
171	7
172	11
173	10
174	14
175	7
176	9
177	6
178	4
179	7
180	6
181	9
182	5
183	5
184	8
185	9
186	7
187	3
188	8
189	6
190	8
191	7
192	6
193	10
194	6
195	5
196	12
197	3
198	9
199	8
200	8
201	3
202	13
203	3
204	10
205	5
206	8
207	13
208	4
209	10
210	2
211	8
212	10
213	4
214	4
215	5
216	8
217	4
218	7
219	8
220	6
221	5
222	6
223	4
224	8
225	5
226	6
227	4
228	7
229	8
230	7
231	4
232	5
233	5
234	11
235	6
236	5
237	10
238	3
239	4
240	4
241	5
242	7
243	6
244	7
245	3
246	1
247	6
248	3
249	5
250	3
251	3
252	5
253	5
254	9
255	3
256	6
257	3
258	5
259	7
260	2
261	1
262	7
263	3
264	6
265	8
266	4
267	4
268	6
269	4
270	2
271	2
272	5
273	5
274	4
275	5
276	4
277	4
278	5
279	4
280	2
281	4
282	7
283	4
284	2
285	4
286	3
287	1
288	2
289	4
290	6
291	6
292	1
293	2
294	1
295	4
297	4
298	4
299	1
300	4
301	4
302	1
303	6
304	5
305	3
306	6
307	6
308	4
309	5
310	2
311	1
312	1
313	7
314	1
315	1
316	4
317	1
318	4
319	2
320	2
321	4
322	4
323	3
324	3
325	1
327	2
328	2
329	2
330	3
331	2
333	4
334	2
336	1
337	2
338	3
340	4
341	4
342	2
343	1
344	4
345	2
346	3
347	1
348	1
350	1
351	1
352	1
353	1
354	5
355	2
356	1
358	1
360	1
361	2
363	2
365	1
366	1
367	1
368	2
370	1
372	1
373	4
374	2
375	1
376	2
377	4
378	5
379	4
380	2
381	4
383	2
384	2
386	2
388	1
390	3
391	1
392	1
393	2
394	4
395	5
397	3
398	2
400	2
401	1
402	2
403	1
404	2
405	4
406	2
407	1
408	4
410	2
411	1
414	2
415	2
417	1
418	3
419	4
420	2
421	1
422	1
423	1
424	1
425	2
426	3
427	1
428	1
429	3
430	5
432	3
433	2
435	1
436	3
437	3
439	2
440	1
441	1
442	4
443	1
445	3
446	2
447	1
449	1
450	2
451	4
452	1
454	1
456	3
457	3
459	2
460	1
461	1
462	3
464	1
465	1
466	1
467	2
468	4
469	4
470	1
471	2
474	1
478	2
481	1
482	1
484	2
485	2
486	1
487	1
488	1
491	2
492	1
493	1
495	1
500	2
501	1
502	2
503	3
505	2
506	1
507	1
508	1
510	1
511	3
512	1
514	1
517	1
518	2
519	1
523	2
524	1
525	2
526	1
530	1
531	1
532	1
536	1
538	1
542	2
544	1
546	1
547	1
548	1
549	3
551	1
553	1
557	1
558	1
559	1
564	1
565	1
568	1
569	1
572	1
573	2
577	1
580	1
581	3
584	1
586	1
587	2
588	2
589	1
590	3
591	2
592	1
594	1
595	2
597	1
598	1
602	1
603	1
604	1
608	2
609	1
610	1
612	1
613	1
614	1
615	2
616	3
618	1
627	1
633	1
634	1
635	1
637	1
639	1
640	1
642	2
644	3
648	2
649	1
651	1
652	1
655	1
662	3
663	4
666	1
667	1
669	4
671	2
672	3
676	1
691	1
693	1
696	2
697	1
699	1
700	1
701	1
702	1
704	1
706	1
707	1
710	1
716	1
718	2
720	1
726	2
727	1
730	2
735	1
737	1
740	1
741	1
744	1
747	2
750	2
751	1
753	2
755	2
757	1
758	1
762	2
767	1
768	1
772	2
775	1
780	1
781	1
786	1
790	1
795	1
796	1
802	2
806	1
807	1
808	1
816	1
820	1
823	1
825	1
830	1
833	1
835	1
840	2
843	1
848	1
850	2
858	1
864	1
874	1
877	1
882	1
885	1
896	2
900	1
901	1
902	1
903	1
920	1
922	1
925	1
937	1
949	1
950	1
951	2
952	1
953	2
954	1
957	2
962	1
963	1
968	1
969	1
972	1
975	1
978	1
986	2
990	1
999	1
1001	2
1010	2
1016	1
1017	1
1025	1
1026	1
1043	1
1046	1
1049	1
1053	1
1056	1
1058	1
1059	1
1060	1
1062	1
1066	1
1073	1
1076	1
1083	1
1086	1
1089	1
1093	1
1095	1
1106	1
1108	2
1126	1
1138	1
1143	1
1147	1
1154	1
1161	1
1164	1
1177	1
1178	1
1182	2
1188	1
1195	1
1198	1
1215	1
1220	1
1229	1
1231	1
1239	1
1258	2
1259	1
1266	1
1267	1
1279	1
1304	1
1352	1
1361	1
1387	1
1390	1
1409	1
1411	1
1416	1
1419	1
1440	1
1451	1
1459	1
1474	1
1476	1
1507	1
1526	1
1540	1
1542	1
1543	1
1547	1
1559	1
1586	1
1600	1
1602	1
1625	1
1643	1
1663	1
1686	1
1695	1
1715	1
1723	1
1731	1
1735	1
1781	1
1784	1
1785	1
1787	1
1793	1
1795	1
1843	1
1850	1
1860	1
1869	1
1892	1
1903	1
1905	1
1910	1
1928	1
1944	1
1960	1
1974	1
1975	1
1990	1
2016	1
2027	1
2069	1
2080	1
2095	1
2109	1
2126	1
2142	1
2157	1
2162	2
2186	1
2208	1
2232	1
2301	1
2318	2
2325	1
2331	1
2414	1
2457	1
2554	1
2564	1
2590	1
2598	1
2630	1
2636	1
2638	1
2684	1
2686	1
2700	1
2749	1
2907	1
3012	1
3144	1
3365	1
3488	1
3515	1
3571	1
3980	1
4061	1
4105	1
4174	1
4278	1
4555	1
5129	1
5952	1
7849	1
10399	1
11107	1
14373	1
28398	1
